{"level":"info","message":"Fetched all users","method":"GET","path":"/user/get","responseCode":200}
{"level":"info","message":"Fetched all student from the database: ","method":"GET","path":"/user/get","responseCode":200}
{"level":"info","message":"Fetched user with id: 664b73f3302ddb96a27ef0f3","method":"GET","path":"/user/get/664b73f3302ddb96a27ef0f3","responseCode":200}
{"level":"info","message":"Fetched all student from the database: ","method":"GET","path":"/user/get","responseCode":200}
{"level":"info","message":"Fetched all student from the database: ","method":"GET","path":"/user/get","responseCode":200}
{"level":"info","message":"Fetched all student from the database: ","method":"GET","path":"/user/get","responseCode":200}
{"level":"info","message":"Fetched all student from the database: ","method":"GET","path":"/user/get","responseCode":200}
{"level":"info","message":"Fetched all student from the database: ","method":"GET","path":"/user/get","responseCode":200}
{"level":"info","message":"Fetched all student from the database: ","method":"GET","path":"/user/get","responseCode":200}
{"level":"info","message":"Updated user: 664b73f3302ddb96a27ef0f3","method":"POST","path":"/user/post","responseCode":200}
{"level":"info","message":"Fetched all student from the database: ","method":"GET","path":"/user/get","responseCode":200}
{"level":"info","message":"Fetched all student from the database: ","method":"GET","path":"/user/get","responseCode":200}
{"level":"info","message":"Fetched all student from the database: ","method":"GET","path":"/user/get","responseCode":200}
{"level":"info","message":"Created new user","method":"POST","path":"/user/post","responseCode":201}
{"level":"info","message":"Fetched all student from the database: ","method":"GET","path":"/user/get","responseCode":200}
{"level":"info","message":"Fetched all student from the database: ","method":"GET","path":"/user/get","responseCode":200}
{"level":"info","message":"Deleted user: 66667b777dd25f89f6cf93c7","method":"DELETE","path":"/user/66667b777dd25f89f6cf93c7","responseCode":200}
{"level":"info","message":"Fetched all student from the database: ","method":"GET","path":"/user/get","responseCode":200}
{"level":"info","message":"Fetched all student from the database: ","method":"GET","path":"/user/get","responseCode":200}
{"level":"info","message":"Fetched all student from the database: ","method":"GET","path":"/user/get","responseCode":200}
{"level":"info","message":"Fetched all student from the database: ","method":"GET","path":"/user/get","responseCode":200}
{"level":"info","message":"Fetched all student from the database: ","method":"GET","path":"/user/get","responseCode":200}
{"level":"info","message":"Fetched all student from the database: ","method":"GET","path":"/user/get","responseCode":200}
{"level":"info","message":"Fetched all student from the database: ","method":"GET","path":"/user/get","responseCode":200}
{"level":"info","message":"Fetched all student from the database: ","method":"GET","path":"/user/get","responseCode":200}
{"level":"info","message":"Fetched all student from the database: ","method":"GET","path":"/user/get","responseCode":200}
{"level":"info","message":"Fetched all student from the database: ","method":"GET","path":"/user/get","responseCode":200}
{"level":"info","message":"Fetched all student from the database: ","method":"GET","path":"/user/get","responseCode":200}
{"level":"info","message":"Fetched all student from the database: ","method":"GET","path":"/user/get","responseCode":200}
{"level":"info","message":"Fetched all student from the database: ","method":"GET","path":"/user/get","responseCode":200}
{"level":"info","message":"Fetched all student from the database: ","method":"GET","path":"/user/get","responseCode":200}
{"level":"info","message":"Created new user","method":"POST","path":"/user/post","responseCode":201}
{"level":"info","message":"Fetched all student from the database: ","method":"GET","path":"/user/get","responseCode":200}
{"level":"info","message":"Fetched all student from the database: ","method":"GET","path":"/user/get","responseCode":200}
{"level":"info","message":"Fetched all student from the database: ","method":"GET","path":"/user/get","responseCode":200}
{"level":"info","message":"Fetched all student from the database: ","method":"GET","path":"/user/get","responseCode":200}
{"level":"info","message":"Fetched all student from the database: ","method":"GET","path":"/user/get","responseCode":200}
{"level":"info","message":"Fetched all student from the database: ","method":"GET","path":"/user/get","responseCode":200}
{"level":"info","message":"Fetched all student from the database: ","method":"GET","path":"/user/get","responseCode":200}
{"level":"info","message":"Fetched all student from the database: ","method":"GET","path":"/user/get","responseCode":200}
{"level":"info","message":"Fetched all student from the database: ","method":"GET","path":"/user/get","responseCode":200}
{"level":"info","message":"Created new user","method":"POST","path":"/user/post","responseCode":201}
{"level":"info","message":"Fetched all student from the database: ","method":"GET","path":"/user/get","responseCode":200}
{"level":"info","message":"Fetched all student from the database: ","method":"GET","path":"/user/get","responseCode":200}
{"level":"info","message":"Fetched all student from the database: ","method":"GET","path":"/user/get","responseCode":200}
{"level":"info","message":"Fetched all student from the database: ","method":"GET","path":"/user/get","responseCode":200}
{"level":"info","message":"Fetched all student from the database: ","method":"GET","path":"/user/get","responseCode":200}
{"level":"info","message":"Fetched all student from the database: ","method":"GET","path":"/user/get","responseCode":200}
{"level":"info","message":"Fetched all student from the database: ","method":"GET","path":"/user/get","responseCode":200}
{"level":"info","message":"Fetched all student from the database: ","method":"GET","path":"/user/get","responseCode":200}
{"level":"info","message":"Fetched all student from the database: ","method":"GET","path":"/user/get","responseCode":200}
{"level":"info","message":"Fetched all student from the database: ","method":"GET","path":"/user/get","responseCode":200}
{"level":"info","message":"Fetched all student from the database: ","method":"GET","path":"/user/get","responseCode":200}
{"level":"info","message":"Fetched all student from the database: ","method":"GET","path":"/user/get","responseCode":200}
{"level":"info","message":"Fetched all student from the database: ","method":"GET","path":"/user/get","responseCode":200}
{"level":"info","message":"Fetched all student from the database: ","method":"GET","path":"/user/get","responseCode":200}
{"level":"info","message":"Fetched all student from the database: ","method":"GET","path":"/user/get","responseCode":200}
{"level":"info","message":"Fetched all student from the database: ","method":"GET","path":"/user/get","responseCode":200}
{"level":"info","message":"Fetched all student from the database: ","method":"GET","path":"/user/get","responseCode":200}
{"level":"info","message":"Fetched all student from the database: ","method":"GET","path":"/user/get","responseCode":200}
{"level":"info","message":"Fetched all student from the database: ","method":"GET","path":"/user/get","responseCode":200}
{"level":"info","message":"Deleted user: 66667d5a7dd25f89f6cf93e6","method":"DELETE","path":"/user/66667d5a7dd25f89f6cf93e6","responseCode":200}
{"level":"info","message":"Fetched all student from the database: ","method":"GET","path":"/user/get","responseCode":200}
{"level":"info","message":"Updated user: 66667c7a7dd25f89f6cf93db","method":"POST","path":"/user/post","responseCode":200}
{"level":"info","message":"Fetched all student from the database: ","method":"GET","path":"/user/get","responseCode":200}
{"level":"info","message":"Fetched all student from the database: ","method":"GET","path":"/user/get","responseCode":200}
{"level":"info","message":"Fetched all student from the database: ","method":"GET","path":"/user/get","responseCode":200}
{"level":"info","message":"Fetched all student from the database: ","method":"GET","path":"/user/get","responseCode":200}
{"level":"info","message":"Fetched all student from the database: ","method":"GET","path":"/user/get","responseCode":200}
{"level":"info","message":"Deleted user: 66667c7a7dd25f89f6cf93db","method":"DELETE","path":"/user/66667c7a7dd25f89f6cf93db","responseCode":200}
{"level":"info","message":"Fetched all student from the database: ","method":"GET","path":"/user/get","responseCode":200}
{"level":"info","message":"Fetched all student from the database: ","method":"GET","path":"/user/get","responseCode":200}
{"level":"info","message":"Fetched all student from the database: ","method":"GET","path":"/user/get","responseCode":200}
{"level":"info","message":"Fetched all student from the database: ","method":"GET","path":"/user/get","responseCode":200}
{"level":"info","message":"Created new user","method":"POST","path":"/user/post","responseCode":201}
{"level":"info","message":"Fetched all student from the database: ","method":"GET","path":"/user/get","responseCode":200}
{"level":"info","message":"Fetched all student from the database: ","method":"GET","path":"/user/get","responseCode":200}
{"level":"info","message":"Fetched all student from the database: ","method":"GET","path":"/user/get","responseCode":200}
{"level":"info","message":"Fetched all student from the database: ","method":"GET","path":"/user/get","responseCode":200}
{"level":"info","message":"Fetched all student from the database: ","method":"GET","path":"/user/get","responseCode":200}
{"level":"info","message":"Fetched all student from the database: ","method":"GET","path":"/user/get","responseCode":200}
{"level":"info","message":"Fetched all student from the database: ","method":"GET","path":"/user/get","responseCode":200}
{"level":"info","message":"Fetched all student from the database: ","method":"GET","path":"/user/get","responseCode":200}
{"level":"info","message":"Fetched all student from the database: ","method":"GET","path":"/user/get","responseCode":200}
{"level":"info","message":"Fetched all student from the database: ","method":"GET","path":"/user/get","responseCode":200}
{"level":"info","message":"Fetched all student from the database: ","method":"GET","path":"/user/get","responseCode":200}
{"level":"info","message":"Fetched all student from the database: ","method":"GET","path":"/user/get","responseCode":200}
{"level":"info","message":"Fetched all student from the database: ","method":"GET","path":"/user/get","responseCode":200}
{"level":"info","message":"Fetched all student from the database: ","method":"GET","path":"/user/get","responseCode":200}
{"level":"info","message":"Fetched all student from the database: ","method":"GET","path":"/user/get","responseCode":200}
{"level":"info","message":"Fetched all student from the database: ","method":"GET","path":"/user/get","responseCode":200}
{"level":"info","message":"Fetched all student from the database: ","method":"GET","path":"/user/get","responseCode":200}
{"level":"info","message":"Fetched all student from the database: ","method":"GET","path":"/user/get","responseCode":200}
{"level":"info","message":"Fetched all student from the database: ","method":"GET","path":"/user/get","responseCode":200}
{"level":"info","message":"Fetched all student from the database: ","method":"GET","path":"/user/get","responseCode":200}
{"level":"info","message":"Fetched all student from the database: ","method":"GET","path":"/user/get","responseCode":200}
{"level":"info","message":"Deleted user: 66667ec27dd25f89f6cf940b","method":"DELETE","path":"/user/66667ec27dd25f89f6cf940b","responseCode":200}
{"level":"info","message":"Fetched all student from the database: ","method":"GET","path":"/user/get","responseCode":200}
{"level":"info","message":"Created new user","method":"POST","path":"/user/post","responseCode":201}
{"level":"info","message":"Fetched all student from the database: ","method":"GET","path":"/user/get","responseCode":200}
{"level":"info","message":"Fetched all student from the database: ","method":"GET","path":"/user/get","responseCode":200}
{"level":"info","message":"Deleted user: 66667fac7dd25f89f6cf9425","method":"DELETE","path":"/user/66667fac7dd25f89f6cf9425","responseCode":200}
{"level":"info","message":"Fetched all student from the database: ","method":"GET","path":"/user/get","responseCode":200}
{"level":"info","message":"Fetched all student from the database: ","method":"GET","path":"/user/get","responseCode":200}
{"level":"info","message":"Updated student: 664b73f3302ddb96a27ef0f3","method":"POST","path":"/user/post","responseCode":200}
{"level":"info","message":"Fetched all student from the database: ","method":"GET","path":"/user/get","responseCode":200}
{"level":"info","message":"Updated student: 664b73f3302ddb96a27ef0f3","method":"POST","path":"/user/post","responseCode":200}
{"level":"info","message":"Fetched all student from the database: ","method":"GET","path":"/user/get","responseCode":200}
{"level":"info","message":"Updated student: 664b73f3302ddb96a27ef0f3","method":"POST","path":"/user/post","responseCode":200}
{"level":"info","message":"Fetched all student from the database: ","method":"GET","path":"/user/get","responseCode":200}
{"level":"info","message":"Fetched all student from the database: ","method":"GET","path":"/user/get","responseCode":200}
